<?xml version="1.0" encoding="UTF-8"?>
<testng-results ignored="0" total="2" passed="2" failed="0" skipped="0">
  <reporter-output>
  </reporter-output>
  <suite started-at="2023-11-17T22:28:17 IST" name="OpenCartSuite" finished-at="2023-11-17T22:28:34 IST" duration-ms="17200">
    <groups>
      <group name="Master">
        <method signature="TC_001_AccRegTest.test_acc_reg()[pri:0, instance:testCases.TC_001_AccRegTest@2de56eb2]" name="test_acc_reg" class="testCases.TC_001_AccRegTest"/>
        <method signature="TC_002_LoginTest.test_login()[pri:0, instance:testCases.TC_002_LoginTest@338fc1d8]" name="test_login" class="testCases.TC_002_LoginTest"/>
      </group> <!-- Master -->
      <group name="Sanity">
        <method signature="TC_002_LoginTest.test_login()[pri:0, instance:testCases.TC_002_LoginTest@338fc1d8]" name="test_login" class="testCases.TC_002_LoginTest"/>
      </group> <!-- Sanity -->
      <group name="Regression">
        <method signature="TC_001_AccRegTest.test_acc_reg()[pri:0, instance:testCases.TC_001_AccRegTest@2de56eb2]" name="test_acc_reg" class="testCases.TC_001_AccRegTest"/>
      </group> <!-- Regression -->
    </groups>
    <test started-at="2023-11-17T22:28:17 IST" name="OpenCartTest" finished-at="2023-11-17T22:28:34 IST" duration-ms="17200">
      <class name="testCases.TC_002_LoginTest">
        <test-method is-config="true" signature="setup(java.lang.String)[pri:0, instance:testCases.TC_002_LoginTest@338fc1d8]" started-at="2023-11-17T22:28:31 IST" name="setup" finished-at="2023-11-17T22:28:32 IST" duration-ms="1441" status="PASS">
          <params>
            <param index="0">
              <value>
                <![CDATA[chrome]]>
              </value>
            </param>
          </params>
          <reporter-output>
          </reporter-output>
        </test-method> <!-- setup -->
        <test-method signature="test_login()[pri:0, instance:testCases.TC_002_LoginTest@338fc1d8]" started-at="2023-11-17T22:28:32 IST" name="test_login" finished-at="2023-11-17T22:28:34 IST" duration-ms="1163" status="PASS">
          <reporter-output>
          </reporter-output>
        </test-method> <!-- test_login -->
        <test-method is-config="true" signature="tearDown()[pri:0, instance:testCases.TC_002_LoginTest@338fc1d8]" started-at="2023-11-17T22:28:34 IST" name="tearDown" finished-at="2023-11-17T22:28:34 IST" duration-ms="161" status="PASS">
          <reporter-output>
          </reporter-output>
        </test-method> <!-- tearDown -->
      </class> <!-- testCases.TC_002_LoginTest -->
      <class name="testCases.TC_001_AccRegTest">
        <test-method is-config="true" signature="setup(java.lang.String)[pri:0, instance:testCases.TC_001_AccRegTest@2de56eb2]" started-at="2023-11-17T22:28:17 IST" name="setup" finished-at="2023-11-17T22:28:20 IST" duration-ms="3210" status="PASS">
          <params>
            <param index="0">
              <value>
                <![CDATA[chrome]]>
              </value>
            </param>
          </params>
          <reporter-output>
          </reporter-output>
        </test-method> <!-- setup -->
        <test-method signature="test_acc_reg()[pri:0, instance:testCases.TC_001_AccRegTest@2de56eb2]" started-at="2023-11-17T22:28:20 IST" name="test_acc_reg" finished-at="2023-11-17T22:28:31 IST" duration-ms="10774" status="PASS">
          <reporter-output>
          </reporter-output>
        </test-method> <!-- test_acc_reg -->
        <test-method is-config="true" signature="tearDown()[pri:0, instance:testCases.TC_001_AccRegTest@2de56eb2]" started-at="2023-11-17T22:28:31 IST" name="tearDown" finished-at="2023-11-17T22:28:31 IST" duration-ms="196" status="PASS">
          <reporter-output>
          </reporter-output>
        </test-method> <!-- tearDown -->
      </class> <!-- testCases.TC_001_AccRegTest -->
    </test> <!-- OpenCartTest -->
  </suite> <!-- OpenCartSuite -->
</testng-results>
